Analysis & Synthesis report for gp_socfpga
Mon Oct 17 13:27:05 2016
Quartus Prime Version 16.0.0 Build 211 04/27/2016 SJ Lite Edition


---------------------
; Table of Contents ;
---------------------
  1. Legal Notice
  2. Analysis & Synthesis Summary
  3. Analysis & Synthesis Settings
  4. Parallel Compilation
  5. Analysis & Synthesis Source Files Read
  6. Analysis & Synthesis Resource Usage Summary
  7. Analysis & Synthesis Resource Utilization by Entity
  8. General Register Statistics
  9. Post-Synthesis Netlist Statistics for Top Partition
 10. Elapsed Time Per Partition
 11. Analysis & Synthesis Messages



----------------
; Legal Notice ;
----------------
Copyright (C) 1991-2016 Altera Corporation. All rights reserved.
Your use of Altera Corporation's design tools, logic functions 
and other software and tools, and its AMPP partner logic 
functions, and any output files from any of the foregoing 
(including device programming or simulation files), and any 
associated documentation or information are expressly subject 
to the terms and conditions of the Altera Program License 
Subscription Agreement, the Altera Quartus Prime License Agreement,
the Altera MegaCore Function License Agreement, or other 
applicable license agreement, including, without limitation, 
that your use is for the sole purpose of programming logic 
devices manufactured by Altera and sold by Altera or its 
authorized distributors.  Please refer to the applicable 
agreement for further details.



+-------------------------------------------------------------------------------+
; Analysis & Synthesis Summary                                                  ;
+---------------------------------+---------------------------------------------+
; Analysis & Synthesis Status     ; Successful - Mon Oct 17 13:27:05 2016       ;
; Quartus Prime Version           ; 16.0.0 Build 211 04/27/2016 SJ Lite Edition ;
; Revision Name                   ; gp_socfpga                                  ;
; Top-level Entity Name           ; gp_socfpga                                  ;
; Family                          ; Cyclone V                                   ;
; Logic utilization (in ALMs)     ; N/A                                         ;
; Total registers                 ; 28                                          ;
; Total pins                      ; 246                                         ;
; Total virtual pins              ; 0                                           ;
; Total block memory bits         ; 0                                           ;
; Total DSP Blocks                ; 0                                           ;
; Total HSSI RX PCSs              ; 0                                           ;
; Total HSSI PMA RX Deserializers ; 0                                           ;
; Total HSSI TX PCSs              ; 0                                           ;
; Total HSSI PMA TX Serializers   ; 0                                           ;
; Total PLLs                      ; 0                                           ;
; Total DLLs                      ; 0                                           ;
+---------------------------------+---------------------------------------------+


+---------------------------------------------------------------------------------------------------------------------------+
; Analysis & Synthesis Settings                                                                                             ;
+---------------------------------------------------------------------------------+--------------------+--------------------+
; Option                                                                          ; Setting            ; Default Value      ;
+---------------------------------------------------------------------------------+--------------------+--------------------+
; Device                                                                          ; 5CSEMA5F31C6       ;                    ;
; Top-level entity name                                                           ; gp_socfpga         ; gp_socfpga         ;
; Family name                                                                     ; Cyclone V          ; Cyclone V          ;
; Verilog Show LMF Mapping Messages                                               ; Off                ;                    ;
; Verilog Version                                                                 ; SystemVerilog_2005 ; Verilog_2001       ;
; Use smart compilation                                                           ; Off                ; Off                ;
; Enable parallel Assembler and TimeQuest Timing Analyzer during compilation      ; On                 ; On                 ;
; Enable compact report table                                                     ; Off                ; Off                ;
; Restructure Multiplexers                                                        ; Auto               ; Auto               ;
; MLAB Add Timing Constraints For Mixed-Port Feed-Through Mode Setting Don't Care ; Off                ; Off                ;
; Create Debugging Nodes for IP Cores                                             ; Off                ; Off                ;
; Preserve fewer node names                                                       ; On                 ; On                 ;
; Disable OpenCore Plus hardware evaluation                                       ; Off                ; Off                ;
; VHDL Version                                                                    ; VHDL_1993          ; VHDL_1993          ;
; State Machine Processing                                                        ; Auto               ; Auto               ;
; Safe State Machine                                                              ; Off                ; Off                ;
; Extract Verilog State Machines                                                  ; On                 ; On                 ;
; Extract VHDL State Machines                                                     ; On                 ; On                 ;
; Ignore Verilog initial constructs                                               ; Off                ; Off                ;
; Iteration limit for constant Verilog loops                                      ; 5000               ; 5000               ;
; Iteration limit for non-constant Verilog loops                                  ; 250                ; 250                ;
; Add Pass-Through Logic to Inferred RAMs                                         ; On                 ; On                 ;
; Infer RAMs from Raw Logic                                                       ; On                 ; On                 ;
; Parallel Synthesis                                                              ; On                 ; On                 ;
; DSP Block Balancing                                                             ; Auto               ; Auto               ;
; NOT Gate Push-Back                                                              ; On                 ; On                 ;
; Power-Up Don't Care                                                             ; On                 ; On                 ;
; Remove Redundant Logic Cells                                                    ; Off                ; Off                ;
; Remove Duplicate Registers                                                      ; On                 ; On                 ;
; Ignore CARRY Buffers                                                            ; Off                ; Off                ;
; Ignore CASCADE Buffers                                                          ; Off                ; Off                ;
; Ignore GLOBAL Buffers                                                           ; Off                ; Off                ;
; Ignore ROW GLOBAL Buffers                                                       ; Off                ; Off                ;
; Ignore LCELL Buffers                                                            ; Off                ; Off                ;
; Ignore SOFT Buffers                                                             ; On                 ; On                 ;
; Limit AHDL Integers to 32 Bits                                                  ; Off                ; Off                ;
; Optimization Technique                                                          ; Balanced           ; Balanced           ;
; Carry Chain Length                                                              ; 70                 ; 70                 ;
; Auto Carry Chains                                                               ; On                 ; On                 ;
; Auto Open-Drain Pins                                                            ; On                 ; On                 ;
; Perform WYSIWYG Primitive Resynthesis                                           ; Off                ; Off                ;
; Auto ROM Replacement                                                            ; On                 ; On                 ;
; Auto RAM Replacement                                                            ; On                 ; On                 ;
; Auto DSP Block Replacement                                                      ; On                 ; On                 ;
; Auto Shift Register Replacement                                                 ; Auto               ; Auto               ;
; Allow Shift Register Merging across Hierarchies                                 ; Auto               ; Auto               ;
; Auto Clock Enable Replacement                                                   ; On                 ; On                 ;
; Strict RAM Replacement                                                          ; Off                ; Off                ;
; Allow Synchronous Control Signals                                               ; On                 ; On                 ;
; Force Use of Synchronous Clear Signals                                          ; Off                ; Off                ;
; Auto Resource Sharing                                                           ; Off                ; Off                ;
; Allow Any RAM Size For Recognition                                              ; Off                ; Off                ;
; Allow Any ROM Size For Recognition                                              ; Off                ; Off                ;
; Allow Any Shift Register Size For Recognition                                   ; Off                ; Off                ;
; Use LogicLock Constraints during Resource Balancing                             ; On                 ; On                 ;
; Ignore translate_off and synthesis_off directives                               ; Off                ; Off                ;
; Timing-Driven Synthesis                                                         ; On                 ; On                 ;
; Report Parameter Settings                                                       ; On                 ; On                 ;
; Report Source Assignments                                                       ; On                 ; On                 ;
; Report Connectivity Checks                                                      ; On                 ; On                 ;
; Ignore Maximum Fan-Out Assignments                                              ; Off                ; Off                ;
; Synchronization Register Chain Length                                           ; 3                  ; 3                  ;
; PowerPlay Power Optimization During Synthesis                                   ; Normal compilation ; Normal compilation ;
; HDL message level                                                               ; Level2             ; Level2             ;
; Suppress Register Optimization Related Messages                                 ; Off                ; Off                ;
; Number of Removed Registers Reported in Synthesis Report                        ; 5000               ; 5000               ;
; Number of Swept Nodes Reported in Synthesis Report                              ; 5000               ; 5000               ;
; Number of Inverted Registers Reported in Synthesis Report                       ; 100                ; 100                ;
; Clock MUX Protection                                                            ; On                 ; On                 ;
; Auto Gated Clock Conversion                                                     ; Off                ; Off                ;
; Block Design Naming                                                             ; Auto               ; Auto               ;
; SDC constraint protection                                                       ; Off                ; Off                ;
; Synthesis Effort                                                                ; Auto               ; Auto               ;
; Shift Register Replacement - Allow Asynchronous Clear Signal                    ; On                 ; On                 ;
; Pre-Mapping Resynthesis Optimization                                            ; Off                ; Off                ;
; Analysis & Synthesis Message Level                                              ; Medium             ; Medium             ;
; Disable Register Merging Across Hierarchies                                     ; Auto               ; Auto               ;
; Resource Aware Inference For Block RAM                                          ; On                 ; On                 ;
; Synthesis Seed                                                                  ; 1                  ; 1                  ;
; Automatic Parallel Synthesis                                                    ; On                 ; On                 ;
; Partial Reconfiguration Bitstream ID                                            ; Off                ; Off                ;
+---------------------------------------------------------------------------------+--------------------+--------------------+


+------------------------------------------+
; Parallel Compilation                     ;
+----------------------------+-------------+
; Processors                 ; Number      ;
+----------------------------+-------------+
; Number detected on machine ; 4           ;
; Maximum allowed            ; 4           ;
;                            ;             ;
; Average used               ; 1.00        ;
; Maximum used               ; 4           ;
;                            ;             ;
; Usage by Processor         ; % Time Used ;
;     Processor 1            ; 100.0%      ;
;     Processors 2-4         ;   0.0%      ;
+----------------------------+-------------+


+----------------------------------------------------------------------------------------------------------------------------------------------------------+
; Analysis & Synthesis Source Files Read                                                                                                                   ;
+----------------------------------+-----------------+------------------------------+------------------------------------------------------------+---------+
; File Name with User-Entered Path ; Used in Netlist ; File Type                    ; File Name with Absolute Path                               ; Library ;
+----------------------------------+-----------------+------------------------------+------------------------------------------------------------+---------+
; gp_socfpga.sv                    ; yes             ; User SystemVerilog HDL File  ; /home/ecad/part2-project/Hardware/gp_socfpga/gp_socfpga.sv ;         ;
+----------------------------------+-----------------+------------------------------+------------------------------------------------------------+---------+


+--------------------------------------------------------------+
; Analysis & Synthesis Resource Usage Summary                  ;
+---------------------------------------------+----------------+
; Resource                                    ; Usage          ;
+---------------------------------------------+----------------+
; Estimate of Logic utilization (ALMs needed) ; 14             ;
;                                             ;                ;
; Combinational ALUT usage for logic          ; 28             ;
;     -- 7 input functions                    ; 0              ;
;     -- 6 input functions                    ; 0              ;
;     -- 5 input functions                    ; 0              ;
;     -- 4 input functions                    ; 0              ;
;     -- <=3 input functions                  ; 28             ;
;                                             ;                ;
; Dedicated logic registers                   ; 28             ;
;                                             ;                ;
; I/O pins                                    ; 246            ;
;                                             ;                ;
; Total DSP Blocks                            ; 0              ;
;                                             ;                ;
; Maximum fan-out node                        ; CLOCK_50~input ;
; Maximum fan-out                             ; 28             ;
; Total fan-out                               ; 430            ;
; Average fan-out                             ; 0.70           ;
+---------------------------------------------+----------------+


+-------------------------------------------------------------------------------------------------------------------------------------------------------------------------+
; Analysis & Synthesis Resource Utilization by Entity                                                                                                                     ;
+----------------------------+-------------------+--------------+-------------------+------------+------+--------------+---------------------+-------------+--------------+
; Compilation Hierarchy Node ; LC Combinationals ; LC Registers ; Block Memory Bits ; DSP Blocks ; Pins ; Virtual Pins ; Full Hierarchy Name ; Entity Name ; Library Name ;
+----------------------------+-------------------+--------------+-------------------+------------+------+--------------+---------------------+-------------+--------------+
; |gp_socfpga                ; 28 (28)           ; 28 (28)      ; 0                 ; 0          ; 246  ; 0            ; |gp_socfpga         ; gp_socfpga  ; work         ;
+----------------------------+-------------------+--------------+-------------------+------------+------+--------------+---------------------+-------------+--------------+
Note: For table entries with two numbers listed, the numbers in parentheses indicate the number of resources of the given type used by the specific entity alone. The numbers listed outside of parentheses indicate the total resources of the given type used by the specific entity and all of its sub-entities in the hierarchy.


+------------------------------------------------------+
; General Register Statistics                          ;
+----------------------------------------------+-------+
; Statistic                                    ; Value ;
+----------------------------------------------+-------+
; Total registers                              ; 28    ;
; Number of registers using Synchronous Clear  ; 0     ;
; Number of registers using Synchronous Load   ; 0     ;
; Number of registers using Asynchronous Clear ; 0     ;
; Number of registers using Asynchronous Load  ; 0     ;
; Number of registers using Clock Enable       ; 0     ;
; Number of registers using Preset             ; 0     ;
+----------------------------------------------+-------+


+-----------------------------------------------------+
; Post-Synthesis Netlist Statistics for Top Partition ;
+-----------------------+-----------------------------+
; Type                  ; Count                       ;
+-----------------------+-----------------------------+
; arriav_ff             ; 28                          ;
;     plain             ; 28                          ;
; arriav_io_obuf        ; 63                          ;
; arriav_lcell_comb     ; 29                          ;
;     arith             ; 27                          ;
;         1 data inputs ; 26                          ;
;         2 data inputs ; 1                           ;
;     normal            ; 2                           ;
;         0 data inputs ; 1                           ;
;         1 data inputs ; 1                           ;
; boundary_port         ; 246                         ;
;                       ;                             ;
; Max LUT depth         ; 3.60                        ;
; Average LUT depth     ; 1.51                        ;
+-----------------------+-----------------------------+


+-------------------------------+
; Elapsed Time Per Partition    ;
+----------------+--------------+
; Partition Name ; Elapsed Time ;
+----------------+--------------+
; Top            ; 00:00:00     ;
+----------------+--------------+


+-------------------------------+
; Analysis & Synthesis Messages ;
+-------------------------------+
Info: *******************************************************************
Info: Running Quartus Prime Analysis & Synthesis
    Info: Version 16.0.0 Build 211 04/27/2016 SJ Lite Edition
    Info: Processing started: Mon Oct 17 13:26:53 2016
Info: Command: quartus_map --read_settings_files=on --write_settings_files=off gp_socfpga -c gp_socfpga
Warning (18236): Number of processors has not been specified which may cause overloading on shared machines.  Set the global assignment NUM_PARALLEL_PROCESSORS in your QSF to an appropriate value for best performance.
Info (20030): Parallel compilation is enabled and will use 4 of the 4 processors detected
Info (12021): Found 1 design units, including 1 entities, in source file gp_socfpga.sv
    Info (12023): Found entity 1: gp_socfpga File: /home/ecad/part2-project/Hardware/gp_socfpga/gp_socfpga.sv Line: 32
Info (12127): Elaborating entity "gp_socfpga" for the top level hierarchy
Warning (10230): Verilog HDL assignment warning at gp_socfpga.sv(217): truncated value with size 32 to match size of target (28) File: /home/ecad/part2-project/Hardware/gp_socfpga/gp_socfpga.sv Line: 217
Warning (10034): Output port "DRAM_ADDR" at gp_socfpga.sv(55) has no driver File: /home/ecad/part2-project/Hardware/gp_socfpga/gp_socfpga.sv Line: 55
Warning (10034): Output port "DRAM_BA" at gp_socfpga.sv(56) has no driver File: /home/ecad/part2-project/Hardware/gp_socfpga/gp_socfpga.sv Line: 56
Warning (10034): Output port "HEX0" at gp_socfpga.sv(78) has no driver File: /home/ecad/part2-project/Hardware/gp_socfpga/gp_socfpga.sv Line: 78
Warning (10034): Output port "HEX1" at gp_socfpga.sv(79) has no driver File: /home/ecad/part2-project/Hardware/gp_socfpga/gp_socfpga.sv Line: 79
Warning (10034): Output port "HEX2" at gp_socfpga.sv(80) has no driver File: /home/ecad/part2-project/Hardware/gp_socfpga/gp_socfpga.sv Line: 80
Warning (10034): Output port "HEX3" at gp_socfpga.sv(81) has no driver File: /home/ecad/part2-project/Hardware/gp_socfpga/gp_socfpga.sv Line: 81
Warning (10034): Output port "HEX4" at gp_socfpga.sv(82) has no driver File: /home/ecad/part2-project/Hardware/gp_socfpga/gp_socfpga.sv Line: 82
Warning (10034): Output port "HEX5" at gp_socfpga.sv(83) has no driver File: /home/ecad/part2-project/Hardware/gp_socfpga/gp_socfpga.sv Line: 83
Warning (10034): Output port "VGA_B" at gp_socfpga.sv(169) has no driver File: /home/ecad/part2-project/Hardware/gp_socfpga/gp_socfpga.sv Line: 169
Warning (10034): Output port "VGA_G" at gp_socfpga.sv(172) has no driver File: /home/ecad/part2-project/Hardware/gp_socfpga/gp_socfpga.sv Line: 172
Warning (10034): Output port "VGA_R" at gp_socfpga.sv(174) has no driver File: /home/ecad/part2-project/Hardware/gp_socfpga/gp_socfpga.sv Line: 174
Warning (10034): Output port "LCD_R" at gp_socfpga.sv(187) has no driver File: /home/ecad/part2-project/Hardware/gp_socfpga/gp_socfpga.sv Line: 187
Warning (10034): Output port "LCD_G" at gp_socfpga.sv(188) has no driver File: /home/ecad/part2-project/Hardware/gp_socfpga/gp_socfpga.sv Line: 188
Warning (10034): Output port "LCD_B" at gp_socfpga.sv(189) has no driver File: /home/ecad/part2-project/Hardware/gp_socfpga/gp_socfpga.sv Line: 189
Warning (10034): Output port "ADC_DIN" at gp_socfpga.sv(36) has no driver File: /home/ecad/part2-project/Hardware/gp_socfpga/gp_socfpga.sv Line: 36
Warning (10034): Output port "ADC_SCLK" at gp_socfpga.sv(38) has no driver File: /home/ecad/part2-project/Hardware/gp_socfpga/gp_socfpga.sv Line: 38
Warning (10034): Output port "AUD_DACDAT" at gp_socfpga.sv(44) has no driver File: /home/ecad/part2-project/Hardware/gp_socfpga/gp_socfpga.sv Line: 44
Warning (10034): Output port "AUD_XCK" at gp_socfpga.sv(46) has no driver File: /home/ecad/part2-project/Hardware/gp_socfpga/gp_socfpga.sv Line: 46
Warning (10034): Output port "DRAM_CAS_N" at gp_socfpga.sv(57) has no driver File: /home/ecad/part2-project/Hardware/gp_socfpga/gp_socfpga.sv Line: 57
Warning (10034): Output port "DRAM_CKE" at gp_socfpga.sv(58) has no driver File: /home/ecad/part2-project/Hardware/gp_socfpga/gp_socfpga.sv Line: 58
Warning (10034): Output port "DRAM_CLK" at gp_socfpga.sv(59) has no driver File: /home/ecad/part2-project/Hardware/gp_socfpga/gp_socfpga.sv Line: 59
Warning (10034): Output port "DRAM_CS_N" at gp_socfpga.sv(60) has no driver File: /home/ecad/part2-project/Hardware/gp_socfpga/gp_socfpga.sv Line: 60
Warning (10034): Output port "DRAM_LDQM" at gp_socfpga.sv(62) has no driver File: /home/ecad/part2-project/Hardware/gp_socfpga/gp_socfpga.sv Line: 62
Warning (10034): Output port "DRAM_RAS_N" at gp_socfpga.sv(63) has no driver File: /home/ecad/part2-project/Hardware/gp_socfpga/gp_socfpga.sv Line: 63
Warning (10034): Output port "DRAM_UDQM" at gp_socfpga.sv(64) has no driver File: /home/ecad/part2-project/Hardware/gp_socfpga/gp_socfpga.sv Line: 64
Warning (10034): Output port "DRAM_WE_N" at gp_socfpga.sv(65) has no driver File: /home/ecad/part2-project/Hardware/gp_socfpga/gp_socfpga.sv Line: 65
Warning (10034): Output port "FAN_CTRL" at gp_socfpga.sv(68) has no driver File: /home/ecad/part2-project/Hardware/gp_socfpga/gp_socfpga.sv Line: 68
Warning (10034): Output port "FPGA_I2C_SCLK" at gp_socfpga.sv(71) has no driver File: /home/ecad/part2-project/Hardware/gp_socfpga/gp_socfpga.sv Line: 71
Warning (10034): Output port "IRDA_TXD" at gp_socfpga.sv(143) has no driver File: /home/ecad/part2-project/Hardware/gp_socfpga/gp_socfpga.sv Line: 143
Warning (10034): Output port "TD_RESET_N" at gp_socfpga.sv(164) has no driver File: /home/ecad/part2-project/Hardware/gp_socfpga/gp_socfpga.sv Line: 164
Warning (10034): Output port "VGA_BLANK_N" at gp_socfpga.sv(170) has no driver File: /home/ecad/part2-project/Hardware/gp_socfpga/gp_socfpga.sv Line: 170
Warning (10034): Output port "VGA_CLK" at gp_socfpga.sv(171) has no driver File: /home/ecad/part2-project/Hardware/gp_socfpga/gp_socfpga.sv Line: 171
Warning (10034): Output port "VGA_HS" at gp_socfpga.sv(173) has no driver File: /home/ecad/part2-project/Hardware/gp_socfpga/gp_socfpga.sv Line: 173
Warning (10034): Output port "VGA_SYNC_N" at gp_socfpga.sv(175) has no driver File: /home/ecad/part2-project/Hardware/gp_socfpga/gp_socfpga.sv Line: 175
Warning (10034): Output port "VGA_VS" at gp_socfpga.sv(176) has no driver File: /home/ecad/part2-project/Hardware/gp_socfpga/gp_socfpga.sv Line: 176
Warning (10034): Output port "LEDRINGn" at gp_socfpga.sv(184) has no driver File: /home/ecad/part2-project/Hardware/gp_socfpga/gp_socfpga.sv Line: 184
Warning (10034): Output port "LCD_HSYNC" at gp_socfpga.sv(193) has no driver File: /home/ecad/part2-project/Hardware/gp_socfpga/gp_socfpga.sv Line: 193
Warning (10034): Output port "LCD_VSYNC" at gp_socfpga.sv(194) has no driver File: /home/ecad/part2-project/Hardware/gp_socfpga/gp_socfpga.sv Line: 194
Warning (10034): Output port "LCD_DEN" at gp_socfpga.sv(195) has no driver File: /home/ecad/part2-project/Hardware/gp_socfpga/gp_socfpga.sv Line: 195
Warning (10034): Output port "LCD_DCLK" at gp_socfpga.sv(196) has no driver File: /home/ecad/part2-project/Hardware/gp_socfpga/gp_socfpga.sv Line: 196
Warning (10034): Output port "LCD_ON" at gp_socfpga.sv(197) has no driver File: /home/ecad/part2-project/Hardware/gp_socfpga/gp_socfpga.sv Line: 197
Warning (10034): Output port "LCD_BACKLIGHT" at gp_socfpga.sv(198) has no driver File: /home/ecad/part2-project/Hardware/gp_socfpga/gp_socfpga.sv Line: 198
Warning (10034): Output port "SHIFT_CLKIN" at gp_socfpga.sv(201) has no driver File: /home/ecad/part2-project/Hardware/gp_socfpga/gp_socfpga.sv Line: 201
Warning (10034): Output port "SHIFT_LOAD" at gp_socfpga.sv(202) has no driver File: /home/ecad/part2-project/Hardware/gp_socfpga/gp_socfpga.sv Line: 202
Warning (10034): Output port "TOUCH_WAKE" at gp_socfpga.sv(206) has no driver File: /home/ecad/part2-project/Hardware/gp_socfpga/gp_socfpga.sv Line: 206
Warning (13039): The following bidirectional pins have no drivers
    Warning (13040): bidirectional pin "ADC_CS_N" has no driver File: /home/ecad/part2-project/Hardware/gp_socfpga/gp_socfpga.sv Line: 35
    Warning (13040): bidirectional pin "AUD_ADCLRCK" has no driver File: /home/ecad/part2-project/Hardware/gp_socfpga/gp_socfpga.sv Line: 42
    Warning (13040): bidirectional pin "AUD_BCLK" has no driver File: /home/ecad/part2-project/Hardware/gp_socfpga/gp_socfpga.sv Line: 43
    Warning (13040): bidirectional pin "AUD_DACLRCK" has no driver File: /home/ecad/part2-project/Hardware/gp_socfpga/gp_socfpga.sv Line: 45
    Warning (13040): bidirectional pin "DRAM_DQ[0]" has no driver File: /home/ecad/part2-project/Hardware/gp_socfpga/gp_socfpga.sv Line: 61
    Warning (13040): bidirectional pin "DRAM_DQ[1]" has no driver File: /home/ecad/part2-project/Hardware/gp_socfpga/gp_socfpga.sv Line: 61
    Warning (13040): bidirectional pin "DRAM_DQ[2]" has no driver File: /home/ecad/part2-project/Hardware/gp_socfpga/gp_socfpga.sv Line: 61
    Warning (13040): bidirectional pin "DRAM_DQ[3]" has no driver File: /home/ecad/part2-project/Hardware/gp_socfpga/gp_socfpga.sv Line: 61
    Warning (13040): bidirectional pin "DRAM_DQ[4]" has no driver File: /home/ecad/part2-project/Hardware/gp_socfpga/gp_socfpga.sv Line: 61
    Warning (13040): bidirectional pin "DRAM_DQ[5]" has no driver File: /home/ecad/part2-project/Hardware/gp_socfpga/gp_socfpga.sv Line: 61
    Warning (13040): bidirectional pin "DRAM_DQ[6]" has no driver File: /home/ecad/part2-project/Hardware/gp_socfpga/gp_socfpga.sv Line: 61
    Warning (13040): bidirectional pin "DRAM_DQ[7]" has no driver File: /home/ecad/part2-project/Hardware/gp_socfpga/gp_socfpga.sv Line: 61
    Warning (13040): bidirectional pin "DRAM_DQ[8]" has no driver File: /home/ecad/part2-project/Hardware/gp_socfpga/gp_socfpga.sv Line: 61
    Warning (13040): bidirectional pin "DRAM_DQ[9]" has no driver File: /home/ecad/part2-project/Hardware/gp_socfpga/gp_socfpga.sv Line: 61
    Warning (13040): bidirectional pin "DRAM_DQ[10]" has no driver File: /home/ecad/part2-project/Hardware/gp_socfpga/gp_socfpga.sv Line: 61
    Warning (13040): bidirectional pin "DRAM_DQ[11]" has no driver File: /home/ecad/part2-project/Hardware/gp_socfpga/gp_socfpga.sv Line: 61
    Warning (13040): bidirectional pin "DRAM_DQ[12]" has no driver File: /home/ecad/part2-project/Hardware/gp_socfpga/gp_socfpga.sv Line: 61
    Warning (13040): bidirectional pin "DRAM_DQ[13]" has no driver File: /home/ecad/part2-project/Hardware/gp_socfpga/gp_socfpga.sv Line: 61
    Warning (13040): bidirectional pin "DRAM_DQ[14]" has no driver File: /home/ecad/part2-project/Hardware/gp_socfpga/gp_socfpga.sv Line: 61
    Warning (13040): bidirectional pin "DRAM_DQ[15]" has no driver File: /home/ecad/part2-project/Hardware/gp_socfpga/gp_socfpga.sv Line: 61
    Warning (13040): bidirectional pin "FPGA_I2C_SDAT" has no driver File: /home/ecad/part2-project/Hardware/gp_socfpga/gp_socfpga.sv Line: 72
    Warning (13040): bidirectional pin "GPIO_0[0]" has no driver File: /home/ecad/part2-project/Hardware/gp_socfpga/gp_socfpga.sv Line: 75
    Warning (13040): bidirectional pin "GPIO_0[1]" has no driver File: /home/ecad/part2-project/Hardware/gp_socfpga/gp_socfpga.sv Line: 75
    Warning (13040): bidirectional pin "GPIO_0[2]" has no driver File: /home/ecad/part2-project/Hardware/gp_socfpga/gp_socfpga.sv Line: 75
    Warning (13040): bidirectional pin "GPIO_0[3]" has no driver File: /home/ecad/part2-project/Hardware/gp_socfpga/gp_socfpga.sv Line: 75
    Warning (13040): bidirectional pin "GPIO_0[4]" has no driver File: /home/ecad/part2-project/Hardware/gp_socfpga/gp_socfpga.sv Line: 75
    Warning (13040): bidirectional pin "GPIO_0[5]" has no driver File: /home/ecad/part2-project/Hardware/gp_socfpga/gp_socfpga.sv Line: 75
    Warning (13040): bidirectional pin "GPIO_0[6]" has no driver File: /home/ecad/part2-project/Hardware/gp_socfpga/gp_socfpga.sv Line: 75
    Warning (13040): bidirectional pin "GPIO_0[7]" has no driver File: /home/ecad/part2-project/Hardware/gp_socfpga/gp_socfpga.sv Line: 75
    Warning (13040): bidirectional pin "GPIO_0[8]" has no driver File: /home/ecad/part2-project/Hardware/gp_socfpga/gp_socfpga.sv Line: 75
    Warning (13040): bidirectional pin "GPIO_0[9]" has no driver File: /home/ecad/part2-project/Hardware/gp_socfpga/gp_socfpga.sv Line: 75
    Warning (13040): bidirectional pin "GPIO_0[10]" has no driver File: /home/ecad/part2-project/Hardware/gp_socfpga/gp_socfpga.sv Line: 75
    Warning (13040): bidirectional pin "GPIO_0[11]" has no driver File: /home/ecad/part2-project/Hardware/gp_socfpga/gp_socfpga.sv Line: 75
    Warning (13040): bidirectional pin "GPIO_0[12]" has no driver File: /home/ecad/part2-project/Hardware/gp_socfpga/gp_socfpga.sv Line: 75
    Warning (13040): bidirectional pin "GPIO_0[13]" has no driver File: /home/ecad/part2-project/Hardware/gp_socfpga/gp_socfpga.sv Line: 75
    Warning (13040): bidirectional pin "GPIO_0[14]" has no driver File: /home/ecad/part2-project/Hardware/gp_socfpga/gp_socfpga.sv Line: 75
    Warning (13040): bidirectional pin "GPIO_0[15]" has no driver File: /home/ecad/part2-project/Hardware/gp_socfpga/gp_socfpga.sv Line: 75
    Warning (13040): bidirectional pin "GPIO_0[16]" has no driver File: /home/ecad/part2-project/Hardware/gp_socfpga/gp_socfpga.sv Line: 75
    Warning (13040): bidirectional pin "GPIO_0[17]" has no driver File: /home/ecad/part2-project/Hardware/gp_socfpga/gp_socfpga.sv Line: 75
    Warning (13040): bidirectional pin "GPIO_0[18]" has no driver File: /home/ecad/part2-project/Hardware/gp_socfpga/gp_socfpga.sv Line: 75
    Warning (13040): bidirectional pin "GPIO_0[19]" has no driver File: /home/ecad/part2-project/Hardware/gp_socfpga/gp_socfpga.sv Line: 75
    Warning (13040): bidirectional pin "GPIO_0[20]" has no driver File: /home/ecad/part2-project/Hardware/gp_socfpga/gp_socfpga.sv Line: 75
    Warning (13040): bidirectional pin "GPIO_0[21]" has no driver File: /home/ecad/part2-project/Hardware/gp_socfpga/gp_socfpga.sv Line: 75
    Warning (13040): bidirectional pin "GPIO_0[22]" has no driver File: /home/ecad/part2-project/Hardware/gp_socfpga/gp_socfpga.sv Line: 75
    Warning (13040): bidirectional pin "GPIO_0[23]" has no driver File: /home/ecad/part2-project/Hardware/gp_socfpga/gp_socfpga.sv Line: 75
    Warning (13040): bidirectional pin "GPIO_0[24]" has no driver File: /home/ecad/part2-project/Hardware/gp_socfpga/gp_socfpga.sv Line: 75
    Warning (13040): bidirectional pin "GPIO_0[25]" has no driver File: /home/ecad/part2-project/Hardware/gp_socfpga/gp_socfpga.sv Line: 75
    Warning (13040): bidirectional pin "GPIO_0[26]" has no driver File: /home/ecad/part2-project/Hardware/gp_socfpga/gp_socfpga.sv Line: 75
    Warning (13040): bidirectional pin "GPIO_0[27]" has no driver File: /home/ecad/part2-project/Hardware/gp_socfpga/gp_socfpga.sv Line: 75
    Warning (13040): bidirectional pin "GPIO_0[28]" has no driver File: /home/ecad/part2-project/Hardware/gp_socfpga/gp_socfpga.sv Line: 75
    Warning (13040): bidirectional pin "GPIO_0[29]" has no driver File: /home/ecad/part2-project/Hardware/gp_socfpga/gp_socfpga.sv Line: 75
    Warning (13040): bidirectional pin "GPIO_0[30]" has no driver File: /home/ecad/part2-project/Hardware/gp_socfpga/gp_socfpga.sv Line: 75
    Warning (13040): bidirectional pin "GPIO_0[31]" has no driver File: /home/ecad/part2-project/Hardware/gp_socfpga/gp_socfpga.sv Line: 75
    Warning (13040): bidirectional pin "GPIO_0[32]" has no driver File: /home/ecad/part2-project/Hardware/gp_socfpga/gp_socfpga.sv Line: 75
    Warning (13040): bidirectional pin "GPIO_0[33]" has no driver File: /home/ecad/part2-project/Hardware/gp_socfpga/gp_socfpga.sv Line: 75
    Warning (13040): bidirectional pin "GPIO_0[34]" has no driver File: /home/ecad/part2-project/Hardware/gp_socfpga/gp_socfpga.sv Line: 75
    Warning (13040): bidirectional pin "GPIO_0[35]" has no driver File: /home/ecad/part2-project/Hardware/gp_socfpga/gp_socfpga.sv Line: 75
    Warning (13040): bidirectional pin "PS2_CLK" has no driver File: /home/ecad/part2-project/Hardware/gp_socfpga/gp_socfpga.sv Line: 152
    Warning (13040): bidirectional pin "PS2_CLK2" has no driver File: /home/ecad/part2-project/Hardware/gp_socfpga/gp_socfpga.sv Line: 153
    Warning (13040): bidirectional pin "PS2_DAT" has no driver File: /home/ecad/part2-project/Hardware/gp_socfpga/gp_socfpga.sv Line: 154
    Warning (13040): bidirectional pin "PS2_DAT2" has no driver File: /home/ecad/part2-project/Hardware/gp_socfpga/gp_socfpga.sv Line: 155
    Warning (13040): bidirectional pin "DISPLAY_SDA" has no driver File: /home/ecad/part2-project/Hardware/gp_socfpga/gp_socfpga.sv Line: 208
    Warning (13040): bidirectional pin "DISPLAY_SCL" has no driver File: /home/ecad/part2-project/Hardware/gp_socfpga/gp_socfpga.sv Line: 211
Warning (13024): Output pins are stuck at VCC or GND
    Warning (13410): Pin "ADC_DIN" is stuck at GND File: /home/ecad/part2-project/Hardware/gp_socfpga/gp_socfpga.sv Line: 36
    Warning (13410): Pin "ADC_SCLK" is stuck at GND File: /home/ecad/part2-project/Hardware/gp_socfpga/gp_socfpga.sv Line: 38
    Warning (13410): Pin "AUD_DACDAT" is stuck at GND File: /home/ecad/part2-project/Hardware/gp_socfpga/gp_socfpga.sv Line: 44
    Warning (13410): Pin "AUD_XCK" is stuck at GND File: /home/ecad/part2-project/Hardware/gp_socfpga/gp_socfpga.sv Line: 46
    Warning (13410): Pin "DRAM_ADDR[0]" is stuck at GND File: /home/ecad/part2-project/Hardware/gp_socfpga/gp_socfpga.sv Line: 55
    Warning (13410): Pin "DRAM_ADDR[1]" is stuck at GND File: /home/ecad/part2-project/Hardware/gp_socfpga/gp_socfpga.sv Line: 55
    Warning (13410): Pin "DRAM_ADDR[2]" is stuck at GND File: /home/ecad/part2-project/Hardware/gp_socfpga/gp_socfpga.sv Line: 55
    Warning (13410): Pin "DRAM_ADDR[3]" is stuck at GND File: /home/ecad/part2-project/Hardware/gp_socfpga/gp_socfpga.sv Line: 55
    Warning (13410): Pin "DRAM_ADDR[4]" is stuck at GND File: /home/ecad/part2-project/Hardware/gp_socfpga/gp_socfpga.sv Line: 55
    Warning (13410): Pin "DRAM_ADDR[5]" is stuck at GND File: /home/ecad/part2-project/Hardware/gp_socfpga/gp_socfpga.sv Line: 55
    Warning (13410): Pin "DRAM_ADDR[6]" is stuck at GND File: /home/ecad/part2-project/Hardware/gp_socfpga/gp_socfpga.sv Line: 55
    Warning (13410): Pin "DRAM_ADDR[7]" is stuck at GND File: /home/ecad/part2-project/Hardware/gp_socfpga/gp_socfpga.sv Line: 55
    Warning (13410): Pin "DRAM_ADDR[8]" is stuck at GND File: /home/ecad/part2-project/Hardware/gp_socfpga/gp_socfpga.sv Line: 55
    Warning (13410): Pin "DRAM_ADDR[9]" is stuck at GND File: /home/ecad/part2-project/Hardware/gp_socfpga/gp_socfpga.sv Line: 55
    Warning (13410): Pin "DRAM_ADDR[10]" is stuck at GND File: /home/ecad/part2-project/Hardware/gp_socfpga/gp_socfpga.sv Line: 55
    Warning (13410): Pin "DRAM_ADDR[11]" is stuck at GND File: /home/ecad/part2-project/Hardware/gp_socfpga/gp_socfpga.sv Line: 55
    Warning (13410): Pin "DRAM_ADDR[12]" is stuck at GND File: /home/ecad/part2-project/Hardware/gp_socfpga/gp_socfpga.sv Line: 55
    Warning (13410): Pin "DRAM_BA[0]" is stuck at GND File: /home/ecad/part2-project/Hardware/gp_socfpga/gp_socfpga.sv Line: 56
    Warning (13410): Pin "DRAM_BA[1]" is stuck at GND File: /home/ecad/part2-project/Hardware/gp_socfpga/gp_socfpga.sv Line: 56
    Warning (13410): Pin "DRAM_CAS_N" is stuck at GND File: /home/ecad/part2-project/Hardware/gp_socfpga/gp_socfpga.sv Line: 57
    Warning (13410): Pin "DRAM_CKE" is stuck at GND File: /home/ecad/part2-project/Hardware/gp_socfpga/gp_socfpga.sv Line: 58
    Warning (13410): Pin "DRAM_CLK" is stuck at GND File: /home/ecad/part2-project/Hardware/gp_socfpga/gp_socfpga.sv Line: 59
    Warning (13410): Pin "DRAM_CS_N" is stuck at GND File: /home/ecad/part2-project/Hardware/gp_socfpga/gp_socfpga.sv Line: 60
    Warning (13410): Pin "DRAM_LDQM" is stuck at GND File: /home/ecad/part2-project/Hardware/gp_socfpga/gp_socfpga.sv Line: 62
    Warning (13410): Pin "DRAM_RAS_N" is stuck at GND File: /home/ecad/part2-project/Hardware/gp_socfpga/gp_socfpga.sv Line: 63
    Warning (13410): Pin "DRAM_UDQM" is stuck at GND File: /home/ecad/part2-project/Hardware/gp_socfpga/gp_socfpga.sv Line: 64
    Warning (13410): Pin "DRAM_WE_N" is stuck at GND File: /home/ecad/part2-project/Hardware/gp_socfpga/gp_socfpga.sv Line: 65
    Warning (13410): Pin "FAN_CTRL" is stuck at GND File: /home/ecad/part2-project/Hardware/gp_socfpga/gp_socfpga.sv Line: 68
    Warning (13410): Pin "FPGA_I2C_SCLK" is stuck at GND File: /home/ecad/part2-project/Hardware/gp_socfpga/gp_socfpga.sv Line: 71
    Warning (13410): Pin "HEX0[0]" is stuck at GND File: /home/ecad/part2-project/Hardware/gp_socfpga/gp_socfpga.sv Line: 78
    Warning (13410): Pin "HEX0[1]" is stuck at GND File: /home/ecad/part2-project/Hardware/gp_socfpga/gp_socfpga.sv Line: 78
    Warning (13410): Pin "HEX0[2]" is stuck at GND File: /home/ecad/part2-project/Hardware/gp_socfpga/gp_socfpga.sv Line: 78
    Warning (13410): Pin "HEX0[3]" is stuck at GND File: /home/ecad/part2-project/Hardware/gp_socfpga/gp_socfpga.sv Line: 78
    Warning (13410): Pin "HEX0[4]" is stuck at GND File: /home/ecad/part2-project/Hardware/gp_socfpga/gp_socfpga.sv Line: 78
    Warning (13410): Pin "HEX0[5]" is stuck at GND File: /home/ecad/part2-project/Hardware/gp_socfpga/gp_socfpga.sv Line: 78
    Warning (13410): Pin "HEX0[6]" is stuck at GND File: /home/ecad/part2-project/Hardware/gp_socfpga/gp_socfpga.sv Line: 78
    Warning (13410): Pin "HEX1[0]" is stuck at GND File: /home/ecad/part2-project/Hardware/gp_socfpga/gp_socfpga.sv Line: 79
    Warning (13410): Pin "HEX1[1]" is stuck at GND File: /home/ecad/part2-project/Hardware/gp_socfpga/gp_socfpga.sv Line: 79
    Warning (13410): Pin "HEX1[2]" is stuck at GND File: /home/ecad/part2-project/Hardware/gp_socfpga/gp_socfpga.sv Line: 79
    Warning (13410): Pin "HEX1[3]" is stuck at GND File: /home/ecad/part2-project/Hardware/gp_socfpga/gp_socfpga.sv Line: 79
    Warning (13410): Pin "HEX1[4]" is stuck at GND File: /home/ecad/part2-project/Hardware/gp_socfpga/gp_socfpga.sv Line: 79
    Warning (13410): Pin "HEX1[5]" is stuck at GND File: /home/ecad/part2-project/Hardware/gp_socfpga/gp_socfpga.sv Line: 79
    Warning (13410): Pin "HEX1[6]" is stuck at GND File: /home/ecad/part2-project/Hardware/gp_socfpga/gp_socfpga.sv Line: 79
    Warning (13410): Pin "HEX2[0]" is stuck at GND File: /home/ecad/part2-project/Hardware/gp_socfpga/gp_socfpga.sv Line: 80
    Warning (13410): Pin "HEX2[1]" is stuck at GND File: /home/ecad/part2-project/Hardware/gp_socfpga/gp_socfpga.sv Line: 80
    Warning (13410): Pin "HEX2[2]" is stuck at GND File: /home/ecad/part2-project/Hardware/gp_socfpga/gp_socfpga.sv Line: 80
    Warning (13410): Pin "HEX2[3]" is stuck at GND File: /home/ecad/part2-project/Hardware/gp_socfpga/gp_socfpga.sv Line: 80
    Warning (13410): Pin "HEX2[4]" is stuck at GND File: /home/ecad/part2-project/Hardware/gp_socfpga/gp_socfpga.sv Line: 80
    Warning (13410): Pin "HEX2[5]" is stuck at GND File: /home/ecad/part2-project/Hardware/gp_socfpga/gp_socfpga.sv Line: 80
    Warning (13410): Pin "HEX2[6]" is stuck at GND File: /home/ecad/part2-project/Hardware/gp_socfpga/gp_socfpga.sv Line: 80
    Warning (13410): Pin "HEX3[0]" is stuck at GND File: /home/ecad/part2-project/Hardware/gp_socfpga/gp_socfpga.sv Line: 81
    Warning (13410): Pin "HEX3[1]" is stuck at GND File: /home/ecad/part2-project/Hardware/gp_socfpga/gp_socfpga.sv Line: 81
    Warning (13410): Pin "HEX3[2]" is stuck at GND File: /home/ecad/part2-project/Hardware/gp_socfpga/gp_socfpga.sv Line: 81
    Warning (13410): Pin "HEX3[3]" is stuck at GND File: /home/ecad/part2-project/Hardware/gp_socfpga/gp_socfpga.sv Line: 81
    Warning (13410): Pin "HEX3[4]" is stuck at GND File: /home/ecad/part2-project/Hardware/gp_socfpga/gp_socfpga.sv Line: 81
    Warning (13410): Pin "HEX3[5]" is stuck at GND File: /home/ecad/part2-project/Hardware/gp_socfpga/gp_socfpga.sv Line: 81
    Warning (13410): Pin "HEX3[6]" is stuck at GND File: /home/ecad/part2-project/Hardware/gp_socfpga/gp_socfpga.sv Line: 81
    Warning (13410): Pin "HEX4[0]" is stuck at GND File: /home/ecad/part2-project/Hardware/gp_socfpga/gp_socfpga.sv Line: 82
    Warning (13410): Pin "HEX4[1]" is stuck at GND File: /home/ecad/part2-project/Hardware/gp_socfpga/gp_socfpga.sv Line: 82
    Warning (13410): Pin "HEX4[2]" is stuck at GND File: /home/ecad/part2-project/Hardware/gp_socfpga/gp_socfpga.sv Line: 82
    Warning (13410): Pin "HEX4[3]" is stuck at GND File: /home/ecad/part2-project/Hardware/gp_socfpga/gp_socfpga.sv Line: 82
    Warning (13410): Pin "HEX4[4]" is stuck at GND File: /home/ecad/part2-project/Hardware/gp_socfpga/gp_socfpga.sv Line: 82
    Warning (13410): Pin "HEX4[5]" is stuck at GND File: /home/ecad/part2-project/Hardware/gp_socfpga/gp_socfpga.sv Line: 82
    Warning (13410): Pin "HEX4[6]" is stuck at GND File: /home/ecad/part2-project/Hardware/gp_socfpga/gp_socfpga.sv Line: 82
    Warning (13410): Pin "HEX5[0]" is stuck at GND File: /home/ecad/part2-project/Hardware/gp_socfpga/gp_socfpga.sv Line: 83
    Warning (13410): Pin "HEX5[1]" is stuck at GND File: /home/ecad/part2-project/Hardware/gp_socfpga/gp_socfpga.sv Line: 83
    Warning (13410): Pin "HEX5[2]" is stuck at GND File: /home/ecad/part2-project/Hardware/gp_socfpga/gp_socfpga.sv Line: 83
    Warning (13410): Pin "HEX5[3]" is stuck at GND File: /home/ecad/part2-project/Hardware/gp_socfpga/gp_socfpga.sv Line: 83
    Warning (13410): Pin "HEX5[4]" is stuck at GND File: /home/ecad/part2-project/Hardware/gp_socfpga/gp_socfpga.sv Line: 83
    Warning (13410): Pin "HEX5[5]" is stuck at GND File: /home/ecad/part2-project/Hardware/gp_socfpga/gp_socfpga.sv Line: 83
    Warning (13410): Pin "HEX5[6]" is stuck at GND File: /home/ecad/part2-project/Hardware/gp_socfpga/gp_socfpga.sv Line: 83
    Warning (13410): Pin "IRDA_TXD" is stuck at GND File: /home/ecad/part2-project/Hardware/gp_socfpga/gp_socfpga.sv Line: 143
    Warning (13410): Pin "TD_RESET_N" is stuck at GND File: /home/ecad/part2-project/Hardware/gp_socfpga/gp_socfpga.sv Line: 164
    Warning (13410): Pin "VGA_B[0]" is stuck at GND File: /home/ecad/part2-project/Hardware/gp_socfpga/gp_socfpga.sv Line: 169
    Warning (13410): Pin "VGA_B[1]" is stuck at GND File: /home/ecad/part2-project/Hardware/gp_socfpga/gp_socfpga.sv Line: 169
    Warning (13410): Pin "VGA_B[2]" is stuck at GND File: /home/ecad/part2-project/Hardware/gp_socfpga/gp_socfpga.sv Line: 169
    Warning (13410): Pin "VGA_B[3]" is stuck at GND File: /home/ecad/part2-project/Hardware/gp_socfpga/gp_socfpga.sv Line: 169
    Warning (13410): Pin "VGA_B[4]" is stuck at GND File: /home/ecad/part2-project/Hardware/gp_socfpga/gp_socfpga.sv Line: 169
    Warning (13410): Pin "VGA_B[5]" is stuck at GND File: /home/ecad/part2-project/Hardware/gp_socfpga/gp_socfpga.sv Line: 169
    Warning (13410): Pin "VGA_B[6]" is stuck at GND File: /home/ecad/part2-project/Hardware/gp_socfpga/gp_socfpga.sv Line: 169
    Warning (13410): Pin "VGA_B[7]" is stuck at GND File: /home/ecad/part2-project/Hardware/gp_socfpga/gp_socfpga.sv Line: 169
    Warning (13410): Pin "VGA_BLANK_N" is stuck at GND File: /home/ecad/part2-project/Hardware/gp_socfpga/gp_socfpga.sv Line: 170
    Warning (13410): Pin "VGA_CLK" is stuck at GND File: /home/ecad/part2-project/Hardware/gp_socfpga/gp_socfpga.sv Line: 171
    Warning (13410): Pin "VGA_G[0]" is stuck at GND File: /home/ecad/part2-project/Hardware/gp_socfpga/gp_socfpga.sv Line: 172
    Warning (13410): Pin "VGA_G[1]" is stuck at GND File: /home/ecad/part2-project/Hardware/gp_socfpga/gp_socfpga.sv Line: 172
    Warning (13410): Pin "VGA_G[2]" is stuck at GND File: /home/ecad/part2-project/Hardware/gp_socfpga/gp_socfpga.sv Line: 172
    Warning (13410): Pin "VGA_G[3]" is stuck at GND File: /home/ecad/part2-project/Hardware/gp_socfpga/gp_socfpga.sv Line: 172
    Warning (13410): Pin "VGA_G[4]" is stuck at GND File: /home/ecad/part2-project/Hardware/gp_socfpga/gp_socfpga.sv Line: 172
    Warning (13410): Pin "VGA_G[5]" is stuck at GND File: /home/ecad/part2-project/Hardware/gp_socfpga/gp_socfpga.sv Line: 172
    Warning (13410): Pin "VGA_G[6]" is stuck at GND File: /home/ecad/part2-project/Hardware/gp_socfpga/gp_socfpga.sv Line: 172
    Warning (13410): Pin "VGA_G[7]" is stuck at GND File: /home/ecad/part2-project/Hardware/gp_socfpga/gp_socfpga.sv Line: 172
    Warning (13410): Pin "VGA_HS" is stuck at GND File: /home/ecad/part2-project/Hardware/gp_socfpga/gp_socfpga.sv Line: 173
    Warning (13410): Pin "VGA_R[0]" is stuck at GND File: /home/ecad/part2-project/Hardware/gp_socfpga/gp_socfpga.sv Line: 174
    Warning (13410): Pin "VGA_R[1]" is stuck at GND File: /home/ecad/part2-project/Hardware/gp_socfpga/gp_socfpga.sv Line: 174
    Warning (13410): Pin "VGA_R[2]" is stuck at GND File: /home/ecad/part2-project/Hardware/gp_socfpga/gp_socfpga.sv Line: 174
    Warning (13410): Pin "VGA_R[3]" is stuck at GND File: /home/ecad/part2-project/Hardware/gp_socfpga/gp_socfpga.sv Line: 174
    Warning (13410): Pin "VGA_R[4]" is stuck at GND File: /home/ecad/part2-project/Hardware/gp_socfpga/gp_socfpga.sv Line: 174
    Warning (13410): Pin "VGA_R[5]" is stuck at GND File: /home/ecad/part2-project/Hardware/gp_socfpga/gp_socfpga.sv Line: 174
    Warning (13410): Pin "VGA_R[6]" is stuck at GND File: /home/ecad/part2-project/Hardware/gp_socfpga/gp_socfpga.sv Line: 174
    Warning (13410): Pin "VGA_R[7]" is stuck at GND File: /home/ecad/part2-project/Hardware/gp_socfpga/gp_socfpga.sv Line: 174
    Warning (13410): Pin "VGA_SYNC_N" is stuck at GND File: /home/ecad/part2-project/Hardware/gp_socfpga/gp_socfpga.sv Line: 175
    Warning (13410): Pin "VGA_VS" is stuck at GND File: /home/ecad/part2-project/Hardware/gp_socfpga/gp_socfpga.sv Line: 176
    Warning (13410): Pin "LEDRINGn" is stuck at GND File: /home/ecad/part2-project/Hardware/gp_socfpga/gp_socfpga.sv Line: 184
    Warning (13410): Pin "LCD_R[0]" is stuck at GND File: /home/ecad/part2-project/Hardware/gp_socfpga/gp_socfpga.sv Line: 187
    Warning (13410): Pin "LCD_R[1]" is stuck at GND File: /home/ecad/part2-project/Hardware/gp_socfpga/gp_socfpga.sv Line: 187
    Warning (13410): Pin "LCD_R[2]" is stuck at GND File: /home/ecad/part2-project/Hardware/gp_socfpga/gp_socfpga.sv Line: 187
    Warning (13410): Pin "LCD_R[3]" is stuck at GND File: /home/ecad/part2-project/Hardware/gp_socfpga/gp_socfpga.sv Line: 187
    Warning (13410): Pin "LCD_R[4]" is stuck at GND File: /home/ecad/part2-project/Hardware/gp_socfpga/gp_socfpga.sv Line: 187
    Warning (13410): Pin "LCD_R[5]" is stuck at GND File: /home/ecad/part2-project/Hardware/gp_socfpga/gp_socfpga.sv Line: 187
    Warning (13410): Pin "LCD_R[6]" is stuck at GND File: /home/ecad/part2-project/Hardware/gp_socfpga/gp_socfpga.sv Line: 187
    Warning (13410): Pin "LCD_R[7]" is stuck at GND File: /home/ecad/part2-project/Hardware/gp_socfpga/gp_socfpga.sv Line: 187
    Warning (13410): Pin "LCD_G[0]" is stuck at GND File: /home/ecad/part2-project/Hardware/gp_socfpga/gp_socfpga.sv Line: 188
    Warning (13410): Pin "LCD_G[1]" is stuck at GND File: /home/ecad/part2-project/Hardware/gp_socfpga/gp_socfpga.sv Line: 188
    Warning (13410): Pin "LCD_G[2]" is stuck at GND File: /home/ecad/part2-project/Hardware/gp_socfpga/gp_socfpga.sv Line: 188
    Warning (13410): Pin "LCD_G[3]" is stuck at GND File: /home/ecad/part2-project/Hardware/gp_socfpga/gp_socfpga.sv Line: 188
    Warning (13410): Pin "LCD_G[4]" is stuck at GND File: /home/ecad/part2-project/Hardware/gp_socfpga/gp_socfpga.sv Line: 188
    Warning (13410): Pin "LCD_G[5]" is stuck at GND File: /home/ecad/part2-project/Hardware/gp_socfpga/gp_socfpga.sv Line: 188
    Warning (13410): Pin "LCD_G[6]" is stuck at GND File: /home/ecad/part2-project/Hardware/gp_socfpga/gp_socfpga.sv Line: 188
    Warning (13410): Pin "LCD_G[7]" is stuck at GND File: /home/ecad/part2-project/Hardware/gp_socfpga/gp_socfpga.sv Line: 188
    Warning (13410): Pin "LCD_B[0]" is stuck at GND File: /home/ecad/part2-project/Hardware/gp_socfpga/gp_socfpga.sv Line: 189
    Warning (13410): Pin "LCD_B[1]" is stuck at GND File: /home/ecad/part2-project/Hardware/gp_socfpga/gp_socfpga.sv Line: 189
    Warning (13410): Pin "LCD_B[2]" is stuck at GND File: /home/ecad/part2-project/Hardware/gp_socfpga/gp_socfpga.sv Line: 189
    Warning (13410): Pin "LCD_B[3]" is stuck at GND File: /home/ecad/part2-project/Hardware/gp_socfpga/gp_socfpga.sv Line: 189
    Warning (13410): Pin "LCD_B[4]" is stuck at GND File: /home/ecad/part2-project/Hardware/gp_socfpga/gp_socfpga.sv Line: 189
    Warning (13410): Pin "LCD_B[5]" is stuck at GND File: /home/ecad/part2-project/Hardware/gp_socfpga/gp_socfpga.sv Line: 189
    Warning (13410): Pin "LCD_B[6]" is stuck at GND File: /home/ecad/part2-project/Hardware/gp_socfpga/gp_socfpga.sv Line: 189
    Warning (13410): Pin "LCD_B[7]" is stuck at GND File: /home/ecad/part2-project/Hardware/gp_socfpga/gp_socfpga.sv Line: 189
    Warning (13410): Pin "LCD_HSYNC" is stuck at GND File: /home/ecad/part2-project/Hardware/gp_socfpga/gp_socfpga.sv Line: 193
    Warning (13410): Pin "LCD_VSYNC" is stuck at GND File: /home/ecad/part2-project/Hardware/gp_socfpga/gp_socfpga.sv Line: 194
    Warning (13410): Pin "LCD_DEN" is stuck at GND File: /home/ecad/part2-project/Hardware/gp_socfpga/gp_socfpga.sv Line: 195
    Warning (13410): Pin "LCD_DCLK" is stuck at GND File: /home/ecad/part2-project/Hardware/gp_socfpga/gp_socfpga.sv Line: 196
    Warning (13410): Pin "LCD_ON" is stuck at GND File: /home/ecad/part2-project/Hardware/gp_socfpga/gp_socfpga.sv Line: 197
    Warning (13410): Pin "LCD_BACKLIGHT" is stuck at GND File: /home/ecad/part2-project/Hardware/gp_socfpga/gp_socfpga.sv Line: 198
    Warning (13410): Pin "SHIFT_CLKIN" is stuck at GND File: /home/ecad/part2-project/Hardware/gp_socfpga/gp_socfpga.sv Line: 201
    Warning (13410): Pin "SHIFT_LOAD" is stuck at GND File: /home/ecad/part2-project/Hardware/gp_socfpga/gp_socfpga.sv Line: 202
    Warning (13410): Pin "TOUCH_WAKE" is stuck at GND File: /home/ecad/part2-project/Hardware/gp_socfpga/gp_socfpga.sv Line: 206
Info (286030): Timing-Driven Synthesis is running
Info (16010): Generating hard_block partition "hard_block:auto_generated_inst"
    Info (16011): Adding 0 node(s), including 0 DDIO, 0 PLL, 0 transceiver and 0 LCELL
Warning (21074): Design contains 36 input pin(s) that do not drive logic
    Warning (15610): No output dependent on input pin "ADC_DOUT" File: /home/ecad/part2-project/Hardware/gp_socfpga/gp_socfpga.sv Line: 37
    Warning (15610): No output dependent on input pin "AUD_ADCDAT" File: /home/ecad/part2-project/Hardware/gp_socfpga/gp_socfpga.sv Line: 41
    Warning (15610): No output dependent on input pin "CLOCK2_50" File: /home/ecad/part2-project/Hardware/gp_socfpga/gp_socfpga.sv Line: 50
    Warning (15610): No output dependent on input pin "CLOCK3_50" File: /home/ecad/part2-project/Hardware/gp_socfpga/gp_socfpga.sv Line: 51
    Warning (15610): No output dependent on input pin "CLOCK4_50" File: /home/ecad/part2-project/Hardware/gp_socfpga/gp_socfpga.sv Line: 52
    Warning (15610): No output dependent on input pin "IRDA_RXD" File: /home/ecad/part2-project/Hardware/gp_socfpga/gp_socfpga.sv Line: 142
    Warning (15610): No output dependent on input pin "KEY[0]" File: /home/ecad/part2-project/Hardware/gp_socfpga/gp_socfpga.sv Line: 146
    Warning (15610): No output dependent on input pin "KEY[1]" File: /home/ecad/part2-project/Hardware/gp_socfpga/gp_socfpga.sv Line: 146
    Warning (15610): No output dependent on input pin "KEY[2]" File: /home/ecad/part2-project/Hardware/gp_socfpga/gp_socfpga.sv Line: 146
    Warning (15610): No output dependent on input pin "KEY[3]" File: /home/ecad/part2-project/Hardware/gp_socfpga/gp_socfpga.sv Line: 146
    Warning (15610): No output dependent on input pin "SW[0]" File: /home/ecad/part2-project/Hardware/gp_socfpga/gp_socfpga.sv Line: 158
    Warning (15610): No output dependent on input pin "SW[1]" File: /home/ecad/part2-project/Hardware/gp_socfpga/gp_socfpga.sv Line: 158
    Warning (15610): No output dependent on input pin "SW[2]" File: /home/ecad/part2-project/Hardware/gp_socfpga/gp_socfpga.sv Line: 158
    Warning (15610): No output dependent on input pin "SW[3]" File: /home/ecad/part2-project/Hardware/gp_socfpga/gp_socfpga.sv Line: 158
    Warning (15610): No output dependent on input pin "SW[4]" File: /home/ecad/part2-project/Hardware/gp_socfpga/gp_socfpga.sv Line: 158
    Warning (15610): No output dependent on input pin "SW[5]" File: /home/ecad/part2-project/Hardware/gp_socfpga/gp_socfpga.sv Line: 158
    Warning (15610): No output dependent on input pin "SW[6]" File: /home/ecad/part2-project/Hardware/gp_socfpga/gp_socfpga.sv Line: 158
    Warning (15610): No output dependent on input pin "SW[7]" File: /home/ecad/part2-project/Hardware/gp_socfpga/gp_socfpga.sv Line: 158
    Warning (15610): No output dependent on input pin "SW[8]" File: /home/ecad/part2-project/Hardware/gp_socfpga/gp_socfpga.sv Line: 158
    Warning (15610): No output dependent on input pin "SW[9]" File: /home/ecad/part2-project/Hardware/gp_socfpga/gp_socfpga.sv Line: 158
    Warning (15610): No output dependent on input pin "TD_CLK27" File: /home/ecad/part2-project/Hardware/gp_socfpga/gp_socfpga.sv Line: 161
    Warning (15610): No output dependent on input pin "TD_DATA[0]" File: /home/ecad/part2-project/Hardware/gp_socfpga/gp_socfpga.sv Line: 162
    Warning (15610): No output dependent on input pin "TD_DATA[1]" File: /home/ecad/part2-project/Hardware/gp_socfpga/gp_socfpga.sv Line: 162
    Warning (15610): No output dependent on input pin "TD_DATA[2]" File: /home/ecad/part2-project/Hardware/gp_socfpga/gp_socfpga.sv Line: 162
    Warning (15610): No output dependent on input pin "TD_DATA[3]" File: /home/ecad/part2-project/Hardware/gp_socfpga/gp_socfpga.sv Line: 162
    Warning (15610): No output dependent on input pin "TD_DATA[4]" File: /home/ecad/part2-project/Hardware/gp_socfpga/gp_socfpga.sv Line: 162
    Warning (15610): No output dependent on input pin "TD_DATA[5]" File: /home/ecad/part2-project/Hardware/gp_socfpga/gp_socfpga.sv Line: 162
    Warning (15610): No output dependent on input pin "TD_DATA[6]" File: /home/ecad/part2-project/Hardware/gp_socfpga/gp_socfpga.sv Line: 162
    Warning (15610): No output dependent on input pin "TD_DATA[7]" File: /home/ecad/part2-project/Hardware/gp_socfpga/gp_socfpga.sv Line: 162
    Warning (15610): No output dependent on input pin "TD_HS" File: /home/ecad/part2-project/Hardware/gp_socfpga/gp_socfpga.sv Line: 163
    Warning (15610): No output dependent on input pin "TD_VS" File: /home/ecad/part2-project/Hardware/gp_socfpga/gp_socfpga.sv Line: 165
    Warning (15610): No output dependent on input pin "DIALL[0]" File: /home/ecad/part2-project/Hardware/gp_socfpga/gp_socfpga.sv Line: 181
    Warning (15610): No output dependent on input pin "DIALL[1]" File: /home/ecad/part2-project/Hardware/gp_socfpga/gp_socfpga.sv Line: 181
    Warning (15610): No output dependent on input pin "DIALR[0]" File: /home/ecad/part2-project/Hardware/gp_socfpga/gp_socfpga.sv Line: 182
    Warning (15610): No output dependent on input pin "DIALR[1]" File: /home/ecad/part2-project/Hardware/gp_socfpga/gp_socfpga.sv Line: 182
    Warning (15610): No output dependent on input pin "SHIFT_OUT" File: /home/ecad/part2-project/Hardware/gp_socfpga/gp_socfpga.sv Line: 203
Info (21057): Implemented 274 device resources after synthesis - the final resource count might be different
    Info (21058): Implemented 37 input pins
    Info (21059): Implemented 146 output pins
    Info (21060): Implemented 63 bidirectional pins
    Info (21061): Implemented 28 logic cells
Info: Quartus Prime Analysis & Synthesis was successful. 0 errors, 285 warnings
    Info: Peak virtual memory: 1400 megabytes
    Info: Processing ended: Mon Oct 17 13:27:05 2016
    Info: Elapsed time: 00:00:12
    Info: Total CPU time (on all processors): 00:00:24


